Release 13.3 - xst O.76xd (nt)
Copyright (c) 1995-2011 Xilinx, Inc.  All rights reserved.
--> Parameter TMPDIR set to xst/projnav.tmp


Total REAL time to Xst completion: 0.00 secs
Total CPU time to Xst completion: 0.11 secs
 
--> Parameter xsthdpdir set to xst


Total REAL time to Xst completion: 0.00 secs
Total CPU time to Xst completion: 0.11 secs
 
--> Reading design: RomEmuCtrl.prj

TABLE OF CONTENTS
  1) Synthesis Options Summary
  2) HDL Compilation
  3) Design Hierarchy Analysis
  4) HDL Analysis
  5) HDL Synthesis
     5.1) HDL Synthesis Report
  6) Advanced HDL Synthesis
     6.1) Advanced HDL Synthesis Report
  7) Low Level Synthesis
  8) Partition Report
  9) Final Report

=========================================================================
*                      Synthesis Options Summary                        *
=========================================================================
---- Source Parameters
Input File Name                    : "RomEmuCtrl.prj"
Input Format                       : mixed
Ignore Synthesis Constraint File   : NO

---- Target Parameters
Output File Name                   : "RomEmuCtrl"
Output Format                      : NGC
Target Device                      : XC9500 CPLDs

---- Source Options
Top Module Name                    : RomEmuCtrl
Automatic FSM Extraction           : YES
FSM Encoding Algorithm             : Auto
Safe Implementation                : No
Mux Extraction                     : Yes
Resource Sharing                   : YES

---- Target Options
Add IO Buffers                     : YES
MACRO Preserve                     : YES
XOR Preserve                       : YES
Equivalent register Removal        : YES

---- General Options
Optimization Goal                  : Speed
Optimization Effort                : 1
Keep Hierarchy                     : Yes
Netlist Hierarchy                  : As_Optimized
RTL Output                         : Yes
Hierarchy Separator                : /
Bus Delimiter                      : <>
Case Specifier                     : Maintain
Verilog 2001                       : YES

---- Other Options
wysiwyg                            : NO

=========================================================================


=========================================================================
*                          HDL Compilation                              *
=========================================================================
Compiling verilog file "RomEmulatorCtrl.v" in library work
Module <RomEmuCtrl> compiled
No errors in compilation
Analysis of file <"RomEmuCtrl.prj"> succeeded.
 

=========================================================================
*                     Design Hierarchy Analysis                         *
=========================================================================
Analyzing hierarchy for module <RomEmuCtrl> in library <work>.


=========================================================================
*                            HDL Analysis                               *
=========================================================================
Analyzing top module <RomEmuCtrl>.
Module <RomEmuCtrl> is correct for synthesis.
 

=========================================================================
*                           HDL Synthesis                               *
=========================================================================

Performing bidirectional port resolution...

Synthesizing Unit <RomEmuCtrl>.
    Related source file is "RomEmulatorCtrl.v".
    Found 8-bit tristate buffer for signal <io_RData>.
    Found 8-bit tristate buffer for signal <io_TData>.
    Found 16-bit adder for signal <$add0000> created at line 113.
    Found 16-bit register for signal <r_Addr>.
    Found 2-bit register for signal <r_AddrCount>.
    Found 2-bit adder for signal <r_AddrCount$addsub0000> created at line 108.
    Found 8-bit register for signal <r_Data>.
    Found 4-bit register for signal <r_DataCount>.
    Found 4-bit adder for signal <r_DataCount$share0000> created at line 86.
    Found 1-bit register for signal <r_nOE>.
    Found 1-bit register for signal <r_nWE>.
    Found 1-bit register for signal <r_TargetMode>.
    Summary:
	inferred  27 D-type flip-flop(s).
	inferred   3 Adder/Subtractor(s).
	inferred  16 Tristate(s).
Unit <RomEmuCtrl> synthesized.

INFO:Xst:1767 - HDL ADVISOR - Resource sharing has identified that some arithmetic operations in this design can share the same physical resources for reduced device utilization. For improved clock frequency you may try to disable resource sharing.

=========================================================================
HDL Synthesis Report

Macro Statistics
# Adders/Subtractors                                   : 3
 16-bit adder                                          : 1
 2-bit adder                                           : 1
 4-bit adder                                           : 1
# Registers                                            : 29
 1-bit register                                        : 27
 2-bit register                                        : 1
 4-bit register                                        : 1
# Tristates                                            : 2
 8-bit tristate buffer                                 : 2

=========================================================================

=========================================================================
*                       Advanced HDL Synthesis                          *
=========================================================================


=========================================================================
Advanced HDL Synthesis Report

Macro Statistics
# Adders/Subtractors                                   : 3
 16-bit adder                                          : 1
 2-bit adder                                           : 1
 4-bit adder                                           : 1
# Registers                                            : 27
 Flip-Flops                                            : 27

=========================================================================

=========================================================================
*                         Low Level Synthesis                           *
=========================================================================

Optimizing unit <RomEmuCtrl> ...

=========================================================================
*                           Partition Report                            *
=========================================================================

Partition Implementation Status
-------------------------------

  No Partitions were found in this design.

-------------------------------

=========================================================================
*                            Final Report                               *
=========================================================================
Final Results
RTL Top Level Output File Name     : RomEmuCtrl.ngr
Top Level Output File Name         : RomEmuCtrl
Output Format                      : NGC
Optimization Goal                  : Speed
Keep Hierarchy                     : Yes
Target Technology                  : XC9500 CPLDs
Macro Preserve                     : YES
XOR Preserve                       : YES
wysiwyg                            : NO

Design Statistics
# IOs                              : 62

Cell Usage :
# BELS                             : 752
#      AND2                        : 345
#      AND3                        : 12
#      AND4                        : 9
#      INV                         : 233
#      OR2                         : 114
#      OR3                         : 19
#      OR4                         : 1
#      XOR2                        : 19
# FlipFlops/Latches                : 33
#      FD                          : 33
# IO Buffers                       : 62
#      IBUF                        : 26
#      IOBUFE                      : 16
#      OBUF                        : 20
=========================================================================


Total REAL time to Xst completion: 4.00 secs
Total CPU time to Xst completion: 4.39 secs
 
--> 

Total memory usage is 195176 kilobytes

Number of errors   :    0 (   0 filtered)
Number of warnings :    0 (   0 filtered)
Number of infos    :    1 (   0 filtered)

