
TBAE6A740 000:000 SEGGER J-Link V4.84e Log File (0000ms, 0000ms total)
TBAE6A740 000:000 DLL Compiled: Apr 28 2014 20:59:50 (0000ms, 0000ms total)
TBAE6A740 000:000 Logging started @ 2014-05-23 20:04 (0000ms, 0000ms total)
TBAE6A740 000:000 JLINK_SetWarnOutHandler(...) (0000ms, 0000ms total)
TBAE6A740 000:000 JLINK_SelectUSB(Port = 0)  returns 0x00 (0000ms, 0000ms total)
TBAE6A740 000:000 JLINK_OpenEx(...)
Firmware: J-Link ARM V8 compiled Nov 25 2013 19:20:08
Hardware: V8.00
S/N: 28005269
OEM: SAM-ICE
Feature(s): RDI  returns O.K. (0352ms, 0352ms total)
TBAE6A740 000:352 JLINK_SetErrorOutHandler(...) (0000ms, 0352ms total)
TBAE6A740 000:352 JLINK_EnableLog(...) (0000ms, 0352ms total)
TBAE6A740 000:352 JLINK_SetInitRegsOnReset(OFF)  returns 0x01 (0000ms, 0352ms total)
TBAE6A740 000:352 JLINK_GetDLLVersion()  returns 48405 (0000ms, 0352ms total)
TBAE6A740 000:352 JLINK_GetCompileDateTime() (0000ms, 0352ms total)
TBAE6A740 000:352 JLINK_GetFirmwareString(...) (0000ms, 0352ms total)
TBAE6A740 000:352 JLINK_GetHardwareVersion()  returns 0x13880 (0000ms, 0352ms total)
TBAE6A740 000:353 JLINK_EMU_HasCapEx(0x00000026)  returns 0x00 (0000ms, 0353ms total)
TBAE6A740 000:353 JLINK_EMU_GetProductId() (0000ms, 0353ms total)
TBAE6A740 000:353 JLINK_GetHardwareVersion()  returns 0x13880 (0000ms, 0353ms total)
TBAE6A740 000:353 JLINK_GetFirmwareString(...) (0000ms, 0353ms total)
TBAE6A740 000:353 JLINK_GetEmuCaps()  returns 0xB9FF7BBF (0000ms, 0353ms total)
TBAE6A740 000:353 JLINK_GetEmuCaps()  returns 0xB9FF7BBF (0000ms, 0353ms total)
TBAE6A740 000:353 JLINK_GetHWStatus(...)  returns 0x00 (0004ms, 0357ms total)
TBAE6A740 000:357 JLINK_SetSpeed(100) (0007ms, 0364ms total)
TBAE6A740 000:364 JLINK_GetEmuCaps()  returns 0xB9FF7BBF (0000ms, 0364ms total)
TBAE6A740 000:364 JLINK_TIF_GetAvailable(...) (0004ms, 0368ms total)
TBAE6A740 000:368 JLINK_Connect() >0x2F8 JTAG>TotalIRLen = 4, IRPrint = 0x01 >0x30 JTAG> >0x210 JTAG> >0x58 JTAG>  returns 0x00 (0047ms, 0415ms total)
TBAE6A740 000:416 JLINK_GetIdData(...) >0x58 JTAG> >0x18 JTAG> >0x50 JTAG> ScanLen=4 NumDevices=1 aId[0]=0x3F0F0F0F aIrRead[0]=0 aScanLen[0]=4 aScanRead[0]=0 (0012ms, 0427ms total)
TBAE6A740 000:428 JLINK_JTAG_GetDeviceID(DeviceIndex = 0)  returns 0x3F0F0F0F (0000ms, 0427ms total)
TBAE6A740 000:428 JLINK_JTAG_GetDeviceInfo(DeviceIndex = 0)  returns 0x00 (0000ms, 0427ms total)
TBAE6A740 000:428 JLINK_GetDeviceFamily()  returns 7 (0000ms, 0427ms total)
TBAE6A740 000:428 JLINK_GetDeviceFamily()  returns 7 (0000ms, 0427ms total)
TBAE6A740 000:428 JLINK_GetDeviceFamily()  returns 7 (0000ms, 0427ms total)
TBAE6A740 000:428 JLINK_GetDeviceFamily()  returns 7 (0000ms, 0427ms total)
TBAE6A740 000:428 JLINK_GetDeviceFamily()  returns 7 (0000ms, 0427ms total)
TBAE6A740 000:428 JLINK_GetDeviceFamily()  returns 7 (0000ms, 0427ms total)
TBAE6A740 000:428 JLINK_GetDeviceFamily()  returns 7 (0000ms, 0427ms total)
TBAE6A740 000:428 JLINK_GetDeviceFamily()  returns 7 (0000ms, 0427ms total)
TBAE6A740 000:428 JLINK_GetDeviceFamily()  returns 7 (0000ms, 0427ms total)
TBAE6A740 000:428 JLINK_GetDeviceFamily()  returns 7 (0000ms, 0427ms total)
TBAE6A740 000:428 JLINK_GetDeviceFamily()  returns 7 (0000ms, 0427ms total)
TBAE6A740 000:428 JLINK_GetDeviceFamily()  returns 7 (0000ms, 0427ms total)
TBAE6A740 000:428 JLINK_GetDeviceFamily()  returns 7 (0000ms, 0427ms total)
TBAE6A740 000:428 JLINK_ETM_IsPresent() >0x830 JTAG> >0x1F JTAG>  returns 0:FALSE (0028ms, 0455ms total)
TBAE6A740 000:456 JLINK_SetSpeed(100) (0002ms, 0457ms total)
TBAE6A740 000:458 JLINK_GetHWStatus(...)  returns 0x00 (0001ms, 0458ms total)
TBAE6A740 000:459 JLINK_GetSpeedInfo() 48000000 Hz / n, n >= 4 (0001ms, 0459ms total)
TBAE6A740 000:460 JLINK_MeasureRTCKReactTime() (0003ms, 0462ms total)
TBAE6A740 000:463 JLINK_GetSpeed()  returns 0x64 (0000ms, 0462ms total)
TBAE6A740 000:463 JLINK_ExecCommand(" device = AT91SAM7S512", ...)Device "AT91SAM7S512" selected (512 KB flash, 64 KB RAM).  returns 0x00 (0000ms, 0462ms total)
TBAE6A740 000:463 JLINK_ExecCommand(" EnableFlashDL", ...)  returns 0x00 (0000ms, 0462ms total)
TBAE6A740 000:463 JLINK_SetSpeed(12000) (0002ms, 0464ms total)
TBAE6A740 000:465 JLINK_GetSpeed()  returns 0x2EE0 (0000ms, 0464ms total)
TBAE6A740 000:465 JLINK_ExecCommand("SupplyPower = 1", ...)  returns 0x00 (0002ms, 0466ms total)
TBAE6A740 000:467 JLINK_SetResetDelay(0) (0000ms, 0466ms total)
TBAE6A740 000:467 JLINK_Reset()_ResetSAM7:  >0x58 JTAG> >0x18 JTAG> >0x50 JTAG> >0x30 JTAG> >0x48 JTAG> >0x1A0 JTAG> >0x48 JTAG> >0x848 JTAG> - Writing 0x04 bytes @ 0xFFFFFD00 -- WriteRemote(4 bytes @ 0xFFFFFD00) >0x128 JTAG> >0x48 JTAG> >0x740 JTAG> >0xB0 JTAG> >0x18 JTAG> >0x50 JTAG> (0065ms, 0531ms total)
TBAE6A740 000:532 JLINK_Halt()  returns 0x00 (0000ms, 0531ms total)
TBAE6A740 000:532 JLINK_GetDeviceFamily()  returns 7 (0000ms, 0531ms total)
TBAE6A740 000:532 JLINK_ReadReg(CPSR)  returns 0x400000D3 (0000ms, 0531ms total)
TBAE6A740 000:532 JLINK_ReadReg(R15 (PC))  returns 0x00000000 (0000ms, 0531ms total)
TBAE6A740 000:532 JLINK_ReadReg(R7)  returns 0xDA5044D5 (0000ms, 0531ms total)
TBAE6A740 000:532 JLINK_ReadReg(R6)  returns 0x22C46434 (0000ms, 0531ms total)
TBAE6A740 000:532 JLINK_ReadReg(R5)  returns 0x00000100 (0000ms, 0531ms total)
TBAE6A740 000:532 JLINK_ReadReg(R4)  returns 0xFFFFF400 (0000ms, 0531ms total)
TBAE6A740 000:532 JLINK_ReadReg(R3)  returns 0x00202E54 (0000ms, 0531ms total)
TBAE6A740 000:532 JLINK_ReadReg(R2)  returns 0x00000001 (0000ms, 0531ms total)
TBAE6A740 000:532 JLINK_ReadReg(R1)  returns 0xA5000005 (0000ms, 0531ms total)
TBAE6A740 000:532 JLINK_ReadReg(R0)  returns 0xFFFFFD04 (0000ms, 0531ms total)
TBAE6A740 000:532 JLINK_ReadReg(R12_USR)  returns 0x00000000 (0000ms, 0531ms total)
TBAE6A740 000:532 JLINK_ReadReg(R11_USR)  returns 0x982B4D16 (0000ms, 0531ms total)
TBAE6A740 000:532 JLINK_ReadReg(R10_USR)  returns 0x278E4DA0 (0000ms, 0531ms total)
TBAE6A740 000:532 JLINK_ReadReg(R9_USR)  returns 0x2E162860 (0000ms, 0531ms total)
TBAE6A740 000:532 JLINK_ReadReg(R8_USR)  returns 0x1AA27505 (0000ms, 0531ms total)
TBAE6A740 000:532 JLINK_ReadReg(R14_USR)  returns 0x06B26436 (0000ms, 0531ms total)
TBAE6A740 000:532 JLINK_ReadReg(R13_USR)  returns 0x069A4DF3 (0000ms, 0531ms total)
TBAE6A740 000:532 JLINK_ReadReg(R12_FIQ) - Reading all registers >0x770 JTAG>  returns 0x00000000 (0003ms, 0534ms total)
TBAE6A740 000:535 JLINK_ReadReg(R11_FIQ)  returns 0x00000000 (0000ms, 0534ms total)
TBAE6A740 000:535 JLINK_ReadReg(R10_FIQ)  returns 0x00040040 (0000ms, 0534ms total)
TBAE6A740 000:535 JLINK_ReadReg(R9_FIQ)  returns 0x00000000 (0000ms, 0534ms total)
TBAE6A740 000:535 JLINK_ReadReg(R8_FIQ)  returns 0x00000000 (0000ms, 0534ms total)
TBAE6A740 000:535 JLINK_ReadReg(SPSR_FIQ)  returns 0x5000009F (0000ms, 0534ms total)
TBAE6A740 000:535 JLINK_ReadReg(R14_FIQ)  returns 0x00000000 (0000ms, 0534ms total)
TBAE6A740 000:535 JLINK_ReadReg(R13_FIQ)  returns 0x00000000 (0000ms, 0534ms total)
TBAE6A740 000:535 JLINK_ReadReg(SPSR_SVC)  returns 0x400000DF (0000ms, 0534ms total)
TBAE6A740 000:535 JLINK_ReadReg(R14_SVC)  returns 0x00118B5A (0000ms, 0534ms total)
TBAE6A740 000:535 JLINK_ReadReg(R13_SVC)  returns 0x0020FD78 (0000ms, 0534ms total)
TBAE6A740 000:535 JLINK_ReadReg(SPSR_ABT)  returns 0x900000DF (0000ms, 0534ms total)
TBAE6A740 000:535 JLINK_ReadReg(R14_ABT)  returns 0x02000000 (0000ms, 0534ms total)
TBAE6A740 000:535 JLINK_ReadReg(R13_ABT)  returns 0x00000000 (0000ms, 0534ms total)
TBAE6A740 000:535 JLINK_ReadReg(SPSR_IRQ)  returns 0x500000DE (0000ms, 0534ms total)
TBAE6A740 000:535 JLINK_ReadReg(R14_IRQ)  returns 0x00000000 (0000ms, 0534ms total)
TBAE6A740 000:535 JLINK_ReadReg(R13_IRQ)  returns 0x00000000 (0000ms, 0534ms total)
TBAE6A740 000:535 JLINK_ReadReg(SPSR_UND)  returns 0xE0000077 (0000ms, 0534ms total)
TBAE6A740 000:535 JLINK_ReadReg(R14_UND)  returns 0x00000000 (0000ms, 0534ms total)
TBAE6A740 000:535 JLINK_ReadReg(R13_UND)  returns 0x00000000 (0000ms, 0534ms total)
TBAE6A740 000:535 JLINK_IsHalted() -- ReadRemote(4 bytes @ 0x00000000) -- ReadRemote(4 bytes @ 0x00200000)  returns TRUE (0008ms, 0542ms total)
TBAE6A740 000:543 JLINK_DownloadFile()JLINK_BeginDownload(Flags = 0x00) (0000ms, 0534ms total)
TBAE6A740 000:543 JLINK_WriteMem(0x00102000, 0x26FE8 Bytes, ...) -- Data:  00 09 0F F0 0F F0 0F F0 0F F0 00 00 01 61 00 10 ...  returns 0x26FE8 (0000ms, 0534ms total)
TBAE6A740 000:543 JLINK_EndDownload() -- -------------------------------------- -- Start of determining dirty areas -- End of determining dirty areas -- Start of preparing flash programming -- Calculating RAM usage -- RAM usage = 17352 Bytes -- Preserving registers -- Preparing memory -- Determining CPU clock frequency -- CPU clock frequency: 32 kHz -- CPU frequency = 32 kHz -- Preparing target -- Preserving target memory used for RAMCode and buffer -- Downloading RAMCode
 -- Checking target RAM & preparing RAMCode -- End of preparing flash programming -- CPU is running at 16024 kHz. -- Start of comparing flash -- CRC check was estimated as fastest method -- Comparing range 0x102000 - 0x121FFF (512 Sectors, 128 KB), using multi-block CRC calculation -- All CRCs match -- Comparing range 0x122000 - 0x128FFF (112 Sectors, 28 KB), using multi-block CRC calculation -- All CRCs match
 -- Comparing range 0x102000 - 0x121FFF (512 Sectors, 128 KB), using alternative multi-block CRC calculation -- All CRCs match -- Comparing range 0x122000 - 0x128FFF (112 Sectors, 28 KB), using alternative multi-block CRC calculation -- All CRCs match -- End of comparing flash -- Start of erasing sectors -- End of erasing sectors -- Start of flash programming -- End of flash programming -- Start of verifying flash -- End of verifying flash -- Start of restoring -- Restore RAMCode
 -- Restore content of target memory -- Restore target -- Restore memory -- Restore content of registers -- End of restoring -- Flash download into internal flash skipped. Flash contents already match -- Flash download into internal flash skipped. Flash contents already match  returns 0x00 (0818ms, 1352ms total)
TBAE6A740 000:543   returns 0x00 (0818ms, 1352ms total)
TBAE6A740 001:365 JLINK_SetResetDelay(0) (0000ms, 1352ms total)
TBAE6A740 001:365 JLINK_Reset()_ResetSAM7:  >0x58 JTAG> >0x18 JTAG> >0x50 JTAG> >0x48 JTAG> >0x800 JTAG> - Writing 0x04 bytes @ 0xFFFFFD00 -- WriteRemote(4 bytes @ 0xFFFFFD00) >0x128 JTAG> >0x48 JTAG> >0x740 JTAG> >0xB0 JTAG> >0x18 JTAG> >0x50 JTAG> (0050ms, 1402ms total)
TBAE6A740 001:415 JLINK_GoEx(MaxEmulInsts = 0, Flags = 0x01) -- ReadRemote(4 bytes @ 0x00000000) -- ReadRemote(4 bytes @ 0x00200000) >0x770 JTAG> (0011ms, 1413ms total)
TBAE6A740 001:723 JLINK_Close() >0x08 JTAG> (0018ms, 1431ms total)
TBAE6A740 001:723  (0018ms, 1431ms total)
TBAE6A740 001:723 Closed (0018ms, 1431ms total)
