D:\032\032\NSL_Stellatone\trunk\source\pfunk\Debug\cl.command.1.tlog
D:\032\032\NSL_Stellatone\trunk\source\pfunk\Debug\CL.read.1.tlog
D:\032\032\NSL_Stellatone\trunk\source\pfunk\Debug\CL.write.1.tlog
D:\032\032\NSL_STELLATONE\TRUNK\SOURCE\PFUNK\DEBUG\COLOR.OBJ
D:\032\032\NSL_STELLATONE\TRUNK\SOURCE\PFUNK\DEBUG\ENCODERS.OBJ
D:\032\032\NSL_STELLATONE\TRUNK\SOURCE\PFUNK\DEBUG\ENCODERSLISTENER.OBJ
D:\032\032\NSL_STELLATONE\TRUNK\SOURCE\PFUNK\DEBUG\ENV.OBJ
D:\032\032\NSL_STELLATONE\TRUNK\SOURCE\PFUNK\DEBUG\FM.OBJ
D:\032\032\NSL_STELLATONE\TRUNK\SOURCE\PFUNK\DEBUG\FMDISPLAY.OBJ
D:\032\032\NSL_STELLATONE\TRUNK\SOURCE\PFUNK\DEBUG\GDIBORDER.OBJ
D:\032\032\NSL_STELLATONE\TRUNK\SOURCE\PFUNK\DEBUG\ISICOMPBASE.OBJ
D:\032\032\NSL_STELLATONE\TRUNK\SOURCE\PFUNK\DEBUG\ISILCDDISPLAY.OBJ
D:\032\032\NSL_STELLATONE\TRUNK\SOURCE\PFUNK\DEBUG\LFO.OBJ
D:\032\032\NSL_STELLATONE\TRUNK\SOURCE\PFUNK\DEBUG\LFOENV.OBJ
D:\032\032\NSL_STELLATONE\TRUNK\SOURCE\PFUNK\DEBUG\LFOOSC.OBJ
D:\032\032\NSL_STELLATONE\TRUNK\SOURCE\PFUNK\DEBUG\LFOSTEPSEQ.OBJ
D:\032\032\NSL_Stellatone\trunk\source\pfunk\Debug\link.4868.read.1.tlog
D:\032\032\NSL_Stellatone\trunk\source\pfunk\Debug\link.4868.write.1.tlog
D:\032\032\NSL_Stellatone\trunk\source\pfunk\Debug\link.4868-cvtres.read.1.tlog
D:\032\032\NSL_Stellatone\trunk\source\pfunk\Debug\link.4868-cvtres.write.1.tlog
D:\032\032\NSL_Stellatone\trunk\source\pfunk\Debug\link.command.1.tlog
D:\032\032\NSL_Stellatone\trunk\source\pfunk\Debug\link.read.1.tlog
D:\032\032\NSL_Stellatone\trunk\source\pfunk\Debug\link.write.1.tlog
D:\032\032\NSL_Stellatone\trunk\source\pfunk\Debug\link-cvtres.read.1.tlog
D:\032\032\NSL_Stellatone\trunk\source\pfunk\Debug\link-cvtres.write.1.tlog
D:\032\032\NSL_STELLATONE\TRUNK\SOURCE\PFUNK\DEBUG\LIQUIDCRYSTAL.OBJ
D:\032\032\NSL_STELLATONE\TRUNK\SOURCE\PFUNK\DEBUG\MATRIX.OBJ
D:\032\032\NSL_STELLATONE\TRUNK\SOURCE\PFUNK\DEBUG\MENU.OBJ
D:\032\032\NSL_STELLATONE\TRUNK\SOURCE\PFUNK\DEBUG\MIDIDECODER.OBJ
D:\032\032\NSL_Stellatone\trunk\source\pfunk\Debug\mt.command.1.tlog
D:\032\032\NSL_Stellatone\trunk\source\pfunk\Debug\mt.read.1.tlog
D:\032\032\NSL_Stellatone\trunk\source\pfunk\Debug\mt.write.1.tlog
D:\032\032\NSL_STELLATONE\TRUNK\SOURCE\PFUNK\DEBUG\OSC.OBJ
D:\032\032\NSL_STELLATONE\TRUNK\SOURCE\PFUNK\DEBUG\PFUNK.EXE
D:\032\032\NSL_STELLATONE\TRUNK\SOURCE\PFUNK\DEBUG\PFUNK.EXE.EMBED.MANIFEST
D:\032\032\NSL_STELLATONE\TRUNK\SOURCE\PFUNK\DEBUG\PFUNK.EXE.EMBED.MANIFEST.RES
D:\032\032\NSL_STELLATONE\TRUNK\SOURCE\PFUNK\DEBUG\PFUNK.EXE.INTERMEDIATE.MANIFEST
D:\032\032\NSL_STELLATONE\TRUNK\SOURCE\PFUNK\DEBUG\PFUNK.ILK
D:\032\032\NSL_STELLATONE\TRUNK\SOURCE\PFUNK\DEBUG\PFUNK.OBJ
D:\032\032\NSL_STELLATONE\TRUNK\SOURCE\PFUNK\DEBUG\PFUNK.PCH
D:\032\032\NSL_STELLATONE\TRUNK\SOURCE\PFUNK\DEBUG\PFUNK.PDB
D:\032\032\NSL_STELLATONE\TRUNK\SOURCE\PFUNK\DEBUG\PFUNK.RES
D:\032\032\NSL_Stellatone\trunk\source\pfunk\Debug\pfunk_manifest.rc
D:\032\032\NSL_STELLATONE\TRUNK\SOURCE\PFUNK\DEBUG\PFUNKDLG.OBJ
D:\032\032\NSL_STELLATONE\TRUNK\SOURCE\PFUNK\DEBUG\PRESETS.OBJ
D:\032\032\NSL_STELLATONE\TRUNK\SOURCE\PFUNK\DEBUG\PRESETUTIL.OBJ
D:\032\032\NSL_Stellatone\trunk\source\pfunk\Debug\rc.command.1.tlog
D:\032\032\NSL_Stellatone\trunk\source\pfunk\Debug\rc.read.1.tlog
D:\032\032\NSL_Stellatone\trunk\source\pfunk\Debug\rc.write.1.tlog
D:\032\032\NSL_STELLATONE\TRUNK\SOURCE\PFUNK\DEBUG\RINGBUFFER.OBJ
D:\032\032\NSL_STELLATONE\TRUNK\SOURCE\PFUNK\DEBUG\STDAFX.OBJ
D:\032\032\NSL_STELLATONE\TRUNK\SOURCE\PFUNK\DEBUG\SYNTH.OBJ
D:\032\032\NSL_STELLATONE\TRUNK\SOURCE\PFUNK\DEBUG\SYNTHMENULISTENER.OBJ
D:\032\032\NSL_STELLATONE\TRUNK\SOURCE\PFUNK\DEBUG\SYNTHPARAMLISTENER.OBJ
D:\032\032\NSL_STELLATONE\TRUNK\SOURCE\PFUNK\DEBUG\SYNTHSTATE.OBJ
D:\032\032\NSL_STELLATONE\TRUNK\SOURCE\PFUNK\DEBUG\SYNTHSTATEAWARE.OBJ
D:\032\032\NSL_Stellatone\trunk\source\pfunk\Debug\vc100.idb
D:\032\032\NSL_STELLATONE\TRUNK\SOURCE\PFUNK\DEBUG\VC100.PDB
D:\032\032\NSL_STELLATONE\TRUNK\SOURCE\PFUNK\DEBUG\VMBITMAP.OBJ
D:\032\032\NSL_STELLATONE\TRUNK\SOURCE\PFUNK\DEBUG\VMROTARYFADERCTRL.OBJ
D:\032\032\NSL_STELLATONE\TRUNK\SOURCE\PFUNK\DEBUG\VOICE.OBJ
